<html>
<head>
<title>TestNG:  Test</title>
<link href="../testng.css" rel="stylesheet" type="text/css" />
<link href="../my-testng.css" rel="stylesheet" type="text/css" />

<style type="text/css">
.log { display: none;} 
.stack-trace { display: none;} 
</style>
<script type="text/javascript">
<!--
function flip(e) {
  current = e.style.display;
  if (current == 'block') {
    e.style.display = 'none';
    return 0;
  }
  else {
    e.style.display = 'block';
    return 1;
  }
}

function toggleBox(szDivId, elem, msg1, msg2)
{
  var res = -1;  if (document.getElementById) {
    res = flip(document.getElementById(szDivId));
  }
  else if (document.all) {
    // this is the way old msie versions work
    res = flip(document.all[szDivId]);
  }
  if(elem) {
    if(res == 0) elem.innerHTML = msg1; else elem.innerHTML = msg2;
  }

}

function toggleAllBoxes() {
  if (document.getElementsByTagName) {
    d = document.getElementsByTagName('div');
    for (i = 0; i < d.length; i++) {
      if (d[i].className == 'log') {
        flip(d[i]);
      }
    }
  }
}

// -->
</script>

</head>
<body>
<h2 align='center'>Test</h2><table border='1' align="center">
<tr>
<td>Tests passed/Failed/Skipped:</td><td>4/2/0</td>
</tr><tr>
<td>Started on:</td><td>Tue Jun 14 19:24:14 IST 2016</td>
</tr>
<tr><td>Total time:</td><td>20 seconds (20193 ms)</td>
</tr><tr>
<td>Included groups:</td><td></td>
</tr><tr>
<td>Excluded groups:</td><td></td>
</tr>
</table><p/>
<small><i>(Hover the method name to see the test class name)</i></small><p/>
<table width='100%' border='1' class='invocation-failed'>
<tr><td colspan='4' align='center'><b>FAILED TESTS</b></td></tr>
<tr><td><b>Test method</b></td>
<td width="30%"><b>Exception</b></td>
<td width="10%"><b>Time (seconds)</b></td>
<td><b>Instance</b></td>
</tr>
<tr>
<td title='metacube.testng.utiltest.utilitiesTest.GivenTwoUniqueRandomStringsWhenComparedShouldFailedTheTest()'><b>GivenTwoUniqueRandomStringsWhenComparedShouldFailedTheTest</b><br>Test class: metacube.testng.utiltest.utilitiesTest</td>
<td><div><pre>java.lang.AssertionError: expected [Metacube1dfbd79c-517e-497a-aa12-85397693ed82] but found [Metacube0b878a2e-c84a-466b-aefe-8d962288e030]
	at metacube.testng.utiltest.utilitiesTest.GivenTwoUniqueRandomStringsWhenComparedShouldFailedTheTest(utilitiesTest.java:18)
	at java.util.concurrent.ThreadPoolExecutor.runWorker(Unknown Source)
	at java.util.concurrent.ThreadPoolExecutor$Worker.run(Unknown Source)
	at java.lang.Thread.run(Unknown Source)
... Removed 16 stack frames</pre></div><a href='#' onClick='toggleBox("stack-trace30927914", this, "Click to show all stack frames", "Click to hide stack frames")'>Click to show all stack frames</a>
<div class='stack-trace' id='stack-trace30927914'><pre>java.lang.AssertionError: expected [Metacube1dfbd79c-517e-497a-aa12-85397693ed82] but found [Metacube0b878a2e-c84a-466b-aefe-8d962288e030]
	at org.testng.Assert.fail(Assert.java:94)
	at org.testng.Assert.failNotEquals(Assert.java:513)
	at org.testng.Assert.assertEqualsImpl(Assert.java:135)
	at org.testng.Assert.assertEquals(Assert.java:116)
	at org.testng.Assert.assertEquals(Assert.java:190)
	at org.testng.Assert.assertEquals(Assert.java:200)
	at metacube.testng.utiltest.utilitiesTest.GivenTwoUniqueRandomStringsWhenComparedShouldFailedTheTest(utilitiesTest.java:18)
	at sun.reflect.NativeMethodAccessorImpl.invoke0(Native Method)
	at sun.reflect.NativeMethodAccessorImpl.invoke(Unknown Source)
	at sun.reflect.DelegatingMethodAccessorImpl.invoke(Unknown Source)
	at java.lang.reflect.Method.invoke(Unknown Source)
	at org.testng.internal.MethodInvocationHelper.invokeMethod(MethodInvocationHelper.java:86)
	at org.testng.internal.Invoker.invokeMethod(Invoker.java:643)
	at org.testng.internal.Invoker.invokeTestMethod(Invoker.java:820)
	at org.testng.internal.Invoker.invokeTestMethods(Invoker.java:1128)
	at org.testng.internal.TestMethodWorker.invokeTestMethods(TestMethodWorker.java:129)
	at org.testng.internal.TestMethodWorker.run(TestMethodWorker.java:112)
	at java.util.concurrent.ThreadPoolExecutor.runWorker(Unknown Source)
	at java.util.concurrent.ThreadPoolExecutor$Worker.run(Unknown Source)
	at java.lang.Thread.run(Unknown Source)
</pre></div></td>
<td>0</td>
<td>metacube.testng.utiltest.utilitiesTest@13ad2d6</td></tr>
<tr>
<td title='metacube.testng.webtest.GoogleSearch.LaunchGoogleSearchUI()'><b>LaunchGoogleSearchUI</b><br>Test class: metacube.testng.webtest.GoogleSearch</td>
<td><div><pre>java.lang.AssertionError: expected [B] but found [Google]
	at metacube.Asserts.MAssert.assertAreEqual(MAssert.java:9)
	at metacube.testng.webtest.GoogleSearch.LaunchGoogleSearchUI(GoogleSearch.java:28)
	at java.util.concurrent.ThreadPoolExecutor.runWorker(Unknown Source)
	at java.util.concurrent.ThreadPoolExecutor$Worker.run(Unknown Source)
	at java.lang.Thread.run(Unknown Source)
... Removed 15 stack frames</pre></div><a href='#' onClick='toggleBox("stack-trace25784376", this, "Click to show all stack frames", "Click to hide stack frames")'>Click to show all stack frames</a>
<div class='stack-trace' id='stack-trace25784376'><pre>java.lang.AssertionError: expected [B] but found [Google]
	at org.testng.Assert.fail(Assert.java:94)
	at org.testng.Assert.failNotEquals(Assert.java:513)
	at org.testng.Assert.assertEqualsImpl(Assert.java:135)
	at org.testng.Assert.assertEquals(Assert.java:116)
	at org.testng.Assert.assertEquals(Assert.java:179)
	at metacube.Asserts.MAssert.assertAreEqual(MAssert.java:9)
	at metacube.testng.webtest.GoogleSearch.LaunchGoogleSearchUI(GoogleSearch.java:28)
	at sun.reflect.NativeMethodAccessorImpl.invoke0(Native Method)
	at sun.reflect.NativeMethodAccessorImpl.invoke(Unknown Source)
	at sun.reflect.DelegatingMethodAccessorImpl.invoke(Unknown Source)
	at java.lang.reflect.Method.invoke(Unknown Source)
	at org.testng.internal.MethodInvocationHelper.invokeMethod(MethodInvocationHelper.java:86)
	at org.testng.internal.Invoker.invokeMethod(Invoker.java:643)
	at org.testng.internal.Invoker.invokeTestMethod(Invoker.java:820)
	at org.testng.internal.Invoker.invokeTestMethods(Invoker.java:1128)
	at org.testng.internal.TestMethodWorker.invokeTestMethods(TestMethodWorker.java:129)
	at org.testng.internal.TestMethodWorker.run(TestMethodWorker.java:112)
	at java.util.concurrent.ThreadPoolExecutor.runWorker(Unknown Source)
	at java.util.concurrent.ThreadPoolExecutor$Worker.run(Unknown Source)
	at java.lang.Thread.run(Unknown Source)
</pre></div></td>
<td>0</td>
<td>metacube.testng.webtest.GoogleSearch@1686d1f</td></tr>
</table><p>
<table width='100%' border='1' class='invocation-passed'>
<tr><td colspan='4' align='center'><b>PASSED TESTS</b></td></tr>
<tr><td><b>Test method</b></td>
<td width="30%"><b>Exception</b></td>
<td width="10%"><b>Time (seconds)</b></td>
<td><b>Instance</b></td>
</tr>
<tr>
<td title='metacube.testng.spreadsheets.ExcelSheetTests.ReadExcelCell()'><b>ReadExcelCell</b><br>Test class: metacube.testng.spreadsheets.ExcelSheetTests</td>
<td></td>
<td>0</td>
<td>metacube.testng.spreadsheets.ExcelSheetTests@1ee9989</td></tr>
<tr>
<td title='metacube.testng.spreadsheets.ExcelSheetTests.ReadExcelSheet()'><b>ReadExcelSheet</b><br>Test class: metacube.testng.spreadsheets.ExcelSheetTests</td>
<td></td>
<td>0</td>
<td>metacube.testng.spreadsheets.ExcelSheetTests@1ee9989</td></tr>
<tr>
<td title='metacube.testng.spreadsheets.GoogleSheetTest.ReadGoogleSheet()'><b>ReadGoogleSheet</b><br>Test class: metacube.testng.spreadsheets.GoogleSheetTest</td>
<td></td>
<td>1</td>
<td>metacube.testng.spreadsheets.GoogleSheetTest@85bdee</td></tr>
<tr>
<td title='metacube.testng.webtest.myfirstwebdrivertest.VerifyTitleOfApplication()'><b>VerifyTitleOfApplication</b><br>Test class: metacube.testng.webtest.myfirstwebdrivertest</td>
<td></td>
<td>0</td>
<td>metacube.testng.webtest.myfirstwebdrivertest@e92674</td></tr>
</table><p>
</body>
</html>